[0.741s] Invoking command in '/home/kasynx/Space-concordia-robotics/ros2_ws/build/my_py_pkg': PYTHONPATH=/home/kasynx/Space-concordia-robotics/ros2_ws/build/my_py_pkg/prefix_override:/usr/lib/python3/dist-packages/colcon_core/task/python/colcon_distutils_commands:/home/kasynx/Space-concordia-robotics/ros2_ws/install/my_py_pkg/lib/python3.10/site-packages:${PYTHONPATH} /usr/bin/python3 -W ignore:setup.py install is deprecated -W ignore:easy_install command is deprecated setup.py develop --editable --build-directory /home/kasynx/Space-concordia-robotics/ros2_ws/build/my_py_pkg/build --no-deps symlink_data --force
[0.966s] running develop
[1.112s] running egg_info
[1.113s] writing my_py_pkg.egg-info/PKG-INFO
[1.115s] writing dependency_links to my_py_pkg.egg-info/dependency_links.txt
[1.117s] writing entry points to my_py_pkg.egg-info/entry_points.txt
[1.124s] writing requirements to my_py_pkg.egg-info/requires.txt
[1.125s] writing top-level names to my_py_pkg.egg-info/top_level.txt
[1.129s] reading manifest file 'my_py_pkg.egg-info/SOURCES.txt'
[1.130s] writing manifest file 'my_py_pkg.egg-info/SOURCES.txt'
[1.134s] running build_ext
[1.136s] Creating /home/kasynx/Space-concordia-robotics/ros2_ws/install/my_py_pkg/lib/python3.10/site-packages/my-py-pkg.egg-link (link to .)
[1.140s] Installing robot_news_station script to /home/kasynx/Space-concordia-robotics/ros2_ws/install/my_py_pkg/lib/my_py_pkg
[1.141s] Installing smartphone script to /home/kasynx/Space-concordia-robotics/ros2_ws/install/my_py_pkg/lib/my_py_pkg
[1.141s] 
[1.142s] Installed /home/kasynx/Space-concordia-robotics/ros2_ws/build/my_py_pkg
[1.143s] running symlink_data
[1.143s] symbolically linking /home/kasynx/Space-concordia-robotics/ros2_ws/build/my_py_pkg/resource/my_py_pkg -> /home/kasynx/Space-concordia-robotics/ros2_ws/install/my_py_pkg/share/ament_index/resource_index/packages
[1.143s] symbolically linking /home/kasynx/Space-concordia-robotics/ros2_ws/build/my_py_pkg/package.xml -> /home/kasynx/Space-concordia-robotics/ros2_ws/install/my_py_pkg/share/my_py_pkg
[1.173s] Invoked command in '/home/kasynx/Space-concordia-robotics/ros2_ws/build/my_py_pkg' returned '0': PYTHONPATH=/home/kasynx/Space-concordia-robotics/ros2_ws/build/my_py_pkg/prefix_override:/usr/lib/python3/dist-packages/colcon_core/task/python/colcon_distutils_commands:/home/kasynx/Space-concordia-robotics/ros2_ws/install/my_py_pkg/lib/python3.10/site-packages:${PYTHONPATH} /usr/bin/python3 -W ignore:setup.py install is deprecated -W ignore:easy_install command is deprecated setup.py develop --editable --build-directory /home/kasynx/Space-concordia-robotics/ros2_ws/build/my_py_pkg/build --no-deps symlink_data --force
