[0.018s] Invoking command in '/home/kasynx/Space-concordia-robotics/ros2_ws/build/my_cpp_pkg': CMAKE_PREFIX_PATH=/home/kasynx/Space-concordia-robotics/ros2_ws/install/my_py_pkg:/opt/ros/humble /usr/bin/cmake /home/kasynx/Space-concordia-robotics/ros2_ws/src/my_cpp_pkg -DCMAKE_INSTALL_PREFIX=/home/kasynx/Space-concordia-robotics/ros2_ws/install/my_cpp_pkg
[0.039s] -- Found ament_cmake: 1.3.12 (/opt/ros/humble/share/ament_cmake/cmake)
[0.179s] -- Found rclcpp: 16.0.14 (/opt/ros/humble/share/rclcpp/cmake)
[0.202s] -- Found rosidl_generator_c: 3.1.7 (/opt/ros/humble/share/rosidl_generator_c/cmake)
[0.204s] -- Found rosidl_adapter: 3.1.7 (/opt/ros/humble/share/rosidl_adapter/cmake)
[0.209s] -- Found rosidl_generator_cpp: 3.1.7 (/opt/ros/humble/share/rosidl_generator_cpp/cmake)
[0.217s] -- Using all available rosidl_typesupport_c: rosidl_typesupport_fastrtps_c;rosidl_typesupport_introspection_c
[0.228s] -- Using all available rosidl_typesupport_cpp: rosidl_typesupport_fastrtps_cpp;rosidl_typesupport_introspection_cpp
[0.256s] -- Found rmw_implementation_cmake: 6.1.2 (/opt/ros/humble/share/rmw_implementation_cmake/cmake)
[0.257s] -- Found rmw_fastrtps_cpp: 6.2.8 (/opt/ros/humble/share/rmw_fastrtps_cpp/cmake)
[0.385s] -- Using RMW implementation 'rmw_fastrtps_cpp' as default
[0.430s] -- Configuring incomplete, errors occurred!
[0.430s] See also "/home/kasynx/Space-concordia-robotics/ros2_ws/build/my_cpp_pkg/CMakeFiles/CMakeOutput.log".
[0.430s] [31mCMake Error at /opt/ros/humble/share/ament_cmake_target_dependencies/cmake/ament_target_dependencies.cmake:77 (message):
[0.430s]   ament_target_dependencies() the passed package name 'example_interfaces'
[0.430s]   was not found before
[0.430s] Call Stack (most recent call first):
[0.430s]   CMakeLists.txt:13 (ament_target_dependencies)
[0.430s] 
[0.430s] [0m
[0.442s] Invoked command in '/home/kasynx/Space-concordia-robotics/ros2_ws/build/my_cpp_pkg' returned '1': CMAKE_PREFIX_PATH=/home/kasynx/Space-concordia-robotics/ros2_ws/install/my_py_pkg:/opt/ros/humble /usr/bin/cmake /home/kasynx/Space-concordia-robotics/ros2_ws/src/my_cpp_pkg -DCMAKE_INSTALL_PREFIX=/home/kasynx/Space-concordia-robotics/ros2_ws/install/my_cpp_pkg
