[1.692s] Invoking command in '/home/kasynx/Space-concordia-robotics/ros2_ws/src/my_py_pkg': PYTHONPATH=/home/kasynx/Space-concordia-robotics/ros2_ws/build/my_py_pkg/prefix_override:/usr/lib/python3/dist-packages/colcon_core/task/python/colcon_distutils_commands:/home/kasynx/Space-concordia-robotics/ros2_ws/install/my_py_pkg/lib/python3.10/site-packages:${PYTHONPATH} /usr/bin/python3 -W ignore:setup.py install is deprecated -W ignore:easy_install command is deprecated setup.py egg_info --egg-base ../../build/my_py_pkg build --build-base /home/kasynx/Space-concordia-robotics/ros2_ws/build/my_py_pkg/build install --record /home/kasynx/Space-concordia-robotics/ros2_ws/build/my_py_pkg/install.log --single-version-externally-managed install_data
[2.135s] running egg_info
[2.136s] creating ../../build/my_py_pkg/my_py_pkg.egg-info
[2.136s] writing ../../build/my_py_pkg/my_py_pkg.egg-info/PKG-INFO
[2.167s] writing dependency_links to ../../build/my_py_pkg/my_py_pkg.egg-info/dependency_links.txt
[2.167s] writing entry points to ../../build/my_py_pkg/my_py_pkg.egg-info/entry_points.txt
[2.167s] writing requirements to ../../build/my_py_pkg/my_py_pkg.egg-info/requires.txt
[2.168s] writing top-level names to ../../build/my_py_pkg/my_py_pkg.egg-info/top_level.txt
[2.168s] writing manifest file '../../build/my_py_pkg/my_py_pkg.egg-info/SOURCES.txt'
[2.179s] reading manifest file '../../build/my_py_pkg/my_py_pkg.egg-info/SOURCES.txt'
[2.179s] writing manifest file '../../build/my_py_pkg/my_py_pkg.egg-info/SOURCES.txt'
[2.183s] running build
[2.183s] running build_py
[2.193s] creating /home/kasynx/Space-concordia-robotics/ros2_ws/build/my_py_pkg/build
[2.194s] creating /home/kasynx/Space-concordia-robotics/ros2_ws/build/my_py_pkg/build/lib
[2.194s] creating /home/kasynx/Space-concordia-robotics/ros2_ws/build/my_py_pkg/build/lib/my_py_pkg
[2.194s] copying my_py_pkg/__init__.py -> /home/kasynx/Space-concordia-robotics/ros2_ws/build/my_py_pkg/build/lib/my_py_pkg
[2.194s] running install
[2.196s] running install_lib
[2.196s] creating /home/kasynx/Space-concordia-robotics/ros2_ws/install/my_py_pkg/lib/python3.10/site-packages/my_py_pkg
[2.196s] copying /home/kasynx/Space-concordia-robotics/ros2_ws/build/my_py_pkg/build/lib/my_py_pkg/__init__.py -> /home/kasynx/Space-concordia-robotics/ros2_ws/install/my_py_pkg/lib/python3.10/site-packages/my_py_pkg
[2.196s] byte-compiling /home/kasynx/Space-concordia-robotics/ros2_ws/install/my_py_pkg/lib/python3.10/site-packages/my_py_pkg/__init__.py to __init__.cpython-310.pyc
[2.196s] running install_data
[2.196s] creating /home/kasynx/Space-concordia-robotics/ros2_ws/install/my_py_pkg/share/ament_index
[2.196s] creating /home/kasynx/Space-concordia-robotics/ros2_ws/install/my_py_pkg/share/ament_index/resource_index
[2.196s] creating /home/kasynx/Space-concordia-robotics/ros2_ws/install/my_py_pkg/share/ament_index/resource_index/packages
[2.196s] copying resource/my_py_pkg -> /home/kasynx/Space-concordia-robotics/ros2_ws/install/my_py_pkg/share/ament_index/resource_index/packages
[2.197s] copying package.xml -> /home/kasynx/Space-concordia-robotics/ros2_ws/install/my_py_pkg/share/my_py_pkg
[2.197s] running install_egg_info
[2.199s] Copying ../../build/my_py_pkg/my_py_pkg.egg-info to /home/kasynx/Space-concordia-robotics/ros2_ws/install/my_py_pkg/lib/python3.10/site-packages/my_py_pkg-0.0.0-py3.10.egg-info
[2.202s] running install_scripts
[2.573s] writing list of installed files to '/home/kasynx/Space-concordia-robotics/ros2_ws/build/my_py_pkg/install.log'
[2.664s] Invoked command in '/home/kasynx/Space-concordia-robotics/ros2_ws/src/my_py_pkg' returned '0': PYTHONPATH=/home/kasynx/Space-concordia-robotics/ros2_ws/build/my_py_pkg/prefix_override:/usr/lib/python3/dist-packages/colcon_core/task/python/colcon_distutils_commands:/home/kasynx/Space-concordia-robotics/ros2_ws/install/my_py_pkg/lib/python3.10/site-packages:${PYTHONPATH} /usr/bin/python3 -W ignore:setup.py install is deprecated -W ignore:easy_install command is deprecated setup.py egg_info --egg-base ../../build/my_py_pkg build --build-base /home/kasynx/Space-concordia-robotics/ros2_ws/build/my_py_pkg/build install --record /home/kasynx/Space-concordia-robotics/ros2_ws/build/my_py_pkg/install.log --single-version-externally-managed install_data
