[0.029s] Invoking command in '/home/kasynx/Space-concordia-robotics/ros2_ws/build/my_cpp_pkg': CMAKE_PREFIX_PATH=${CMAKE_PREFIX_PATH}:/home/kasynx/Space-concordia-robotics/ros2_ws/install/my_py_pkg:/opt/ros/humble /usr/bin/cmake --build /home/kasynx/Space-concordia-robotics/ros2_ws/build/my_cpp_pkg -- -j2 -l2
[0.069s] -- Found ament_cmake: 1.3.12 (/opt/ros/humble/share/ament_cmake/cmake)
[0.244s] -- Found rclcpp: 16.0.14 (/opt/ros/humble/share/rclcpp/cmake)
[0.274s] -- Found rosidl_generator_c: 3.1.7 (/opt/ros/humble/share/rosidl_generator_c/cmake)
[0.278s] -- Found rosidl_adapter: 3.1.7 (/opt/ros/humble/share/rosidl_adapter/cmake)
[0.290s] -- Found rosidl_generator_cpp: 3.1.7 (/opt/ros/humble/share/rosidl_generator_cpp/cmake)
[0.319s] -- Using all available rosidl_typesupport_c: rosidl_typesupport_fastrtps_c;rosidl_typesupport_introspection_c
[0.362s] -- Using all available rosidl_typesupport_cpp: rosidl_typesupport_fastrtps_cpp;rosidl_typesupport_introspection_cpp
[0.483s] -- Found rmw_implementation_cmake: 6.1.2 (/opt/ros/humble/share/rmw_implementation_cmake/cmake)
[0.492s] -- Found rmw_fastrtps_cpp: 6.2.8 (/opt/ros/humble/share/rmw_fastrtps_cpp/cmake)
[0.698s] -- Using RMW implementation 'rmw_fastrtps_cpp' as default
[0.768s] -- Found example_interfaces: 0.9.3 (/opt/ros/humble/share/example_interfaces/cmake)
[0.993s] -- Configuring done
[1.012s] -- Generating done
[1.026s] -- Build files have been written to: /home/kasynx/Space-concordia-robotics/ros2_ws/build/my_cpp_pkg
[1.076s] [35m[1mConsolidate compiler generated dependencies of target robot_news_station[0m
[1.101s] [ 50%] Built target robot_news_station
[1.162s] [ 75%] [32mBuilding CXX object CMakeFiles/smartphone.dir/src/smartphone.cpp.o[0m
[11.600s] [100%] [32m[1mLinking CXX executable smartphone[0m
[12.173s] [100%] Built target smartphone
[12.191s] Invoked command in '/home/kasynx/Space-concordia-robotics/ros2_ws/build/my_cpp_pkg' returned '0': CMAKE_PREFIX_PATH=${CMAKE_PREFIX_PATH}:/home/kasynx/Space-concordia-robotics/ros2_ws/install/my_py_pkg:/opt/ros/humble /usr/bin/cmake --build /home/kasynx/Space-concordia-robotics/ros2_ws/build/my_cpp_pkg -- -j2 -l2
[12.213s] Invoking command in '/home/kasynx/Space-concordia-robotics/ros2_ws/build/my_cpp_pkg': CMAKE_PREFIX_PATH=${CMAKE_PREFIX_PATH}:/home/kasynx/Space-concordia-robotics/ros2_ws/install/my_py_pkg:/opt/ros/humble /usr/bin/cmake --install /home/kasynx/Space-concordia-robotics/ros2_ws/build/my_cpp_pkg
[12.230s] -- Install configuration: ""
[12.231s] -- Up-to-date: /home/kasynx/Space-concordia-robotics/ros2_ws/install/my_cpp_pkg/lib/my_cpp_pkg/robot_news_station
[12.231s] -- Installing: /home/kasynx/Space-concordia-robotics/ros2_ws/install/my_cpp_pkg/lib/my_cpp_pkg/smartphone
[12.235s] -- Set runtime path of "/home/kasynx/Space-concordia-robotics/ros2_ws/install/my_cpp_pkg/lib/my_cpp_pkg/smartphone" to ""
[12.236s] -- Up-to-date: /home/kasynx/Space-concordia-robotics/ros2_ws/install/my_cpp_pkg/share/ament_index/resource_index/package_run_dependencies/my_cpp_pkg
[12.237s] -- Installing: /home/kasynx/Space-concordia-robotics/ros2_ws/install/my_cpp_pkg/share/ament_index/resource_index/parent_prefix_path/my_cpp_pkg
[12.239s] -- Up-to-date: /home/kasynx/Space-concordia-robotics/ros2_ws/install/my_cpp_pkg/share/my_cpp_pkg/environment/ament_prefix_path.sh
[12.240s] -- Installing: /home/kasynx/Space-concordia-robotics/ros2_ws/install/my_cpp_pkg/share/my_cpp_pkg/environment/ament_prefix_path.dsv
[12.240s] -- Up-to-date: /home/kasynx/Space-concordia-robotics/ros2_ws/install/my_cpp_pkg/share/my_cpp_pkg/environment/path.sh
[12.240s] -- Installing: /home/kasynx/Space-concordia-robotics/ros2_ws/install/my_cpp_pkg/share/my_cpp_pkg/environment/path.dsv
[12.242s] -- Up-to-date: /home/kasynx/Space-concordia-robotics/ros2_ws/install/my_cpp_pkg/share/my_cpp_pkg/local_setup.bash
[12.243s] -- Up-to-date: /home/kasynx/Space-concordia-robotics/ros2_ws/install/my_cpp_pkg/share/my_cpp_pkg/local_setup.sh
[12.243s] -- Up-to-date: /home/kasynx/Space-concordia-robotics/ros2_ws/install/my_cpp_pkg/share/my_cpp_pkg/local_setup.zsh
[12.243s] -- Installing: /home/kasynx/Space-concordia-robotics/ros2_ws/install/my_cpp_pkg/share/my_cpp_pkg/local_setup.dsv
[12.245s] -- Installing: /home/kasynx/Space-concordia-robotics/ros2_ws/install/my_cpp_pkg/share/my_cpp_pkg/package.dsv
[12.246s] -- Up-to-date: /home/kasynx/Space-concordia-robotics/ros2_ws/install/my_cpp_pkg/share/ament_index/resource_index/packages/my_cpp_pkg
[12.246s] -- Up-to-date: /home/kasynx/Space-concordia-robotics/ros2_ws/install/my_cpp_pkg/share/my_cpp_pkg/cmake/my_cpp_pkgConfig.cmake
[12.247s] -- Up-to-date: /home/kasynx/Space-concordia-robotics/ros2_ws/install/my_cpp_pkg/share/my_cpp_pkg/cmake/my_cpp_pkgConfig-version.cmake
[12.247s] -- Up-to-date: /home/kasynx/Space-concordia-robotics/ros2_ws/install/my_cpp_pkg/share/my_cpp_pkg/package.xml
[12.251s] Invoked command in '/home/kasynx/Space-concordia-robotics/ros2_ws/build/my_cpp_pkg' returned '0': CMAKE_PREFIX_PATH=${CMAKE_PREFIX_PATH}:/home/kasynx/Space-concordia-robotics/ros2_ws/install/my_py_pkg:/opt/ros/humble /usr/bin/cmake --install /home/kasynx/Space-concordia-robotics/ros2_ws/build/my_cpp_pkg
