[0.040s] Invoking command in '/home/kasynx/Space-concordia-robotics/ros2_ws/build/my_cpp_pkg': CMAKE_PREFIX_PATH=/home/kasynx/Space-concordia-robotics/ros2_ws/install/my_py_pkg:/opt/ros/humble /usr/bin/cmake /home/kasynx/Space-concordia-robotics/ros2_ws/src/my_cpp_pkg -DCMAKE_INSTALL_PREFIX=/home/kasynx/Space-concordia-robotics/ros2_ws/install/my_cpp_pkg
[0.064s] -- Found ament_cmake: 1.3.12 (/opt/ros/humble/share/ament_cmake/cmake)
[0.212s] -- Found rclcpp: 16.0.14 (/opt/ros/humble/share/rclcpp/cmake)
[0.244s] -- Found rosidl_generator_c: 3.1.7 (/opt/ros/humble/share/rosidl_generator_c/cmake)
[0.244s] -- Found rosidl_adapter: 3.1.7 (/opt/ros/humble/share/rosidl_adapter/cmake)
[0.249s] -- Found rosidl_generator_cpp: 3.1.7 (/opt/ros/humble/share/rosidl_generator_cpp/cmake)
[0.262s] -- Using all available rosidl_typesupport_c: rosidl_typesupport_fastrtps_c;rosidl_typesupport_introspection_c
[0.278s] -- Using all available rosidl_typesupport_cpp: rosidl_typesupport_fastrtps_cpp;rosidl_typesupport_introspection_cpp
[0.307s] -- Found rmw_implementation_cmake: 6.1.2 (/opt/ros/humble/share/rmw_implementation_cmake/cmake)
[0.343s] -- Found rmw_fastrtps_cpp: 6.2.8 (/opt/ros/humble/share/rmw_fastrtps_cpp/cmake)
[0.475s] -- Using RMW implementation 'rmw_fastrtps_cpp' as default
[0.485s] -- Found example_interfaces: 0.9.3 (/opt/ros/humble/share/example_interfaces/cmake)
[0.667s] -- Configuring done
[0.677s] -- Generating done
[0.682s] -- Build files have been written to: /home/kasynx/Space-concordia-robotics/ros2_ws/build/my_cpp_pkg
[0.692s] Invoked command in '/home/kasynx/Space-concordia-robotics/ros2_ws/build/my_cpp_pkg' returned '0': CMAKE_PREFIX_PATH=/home/kasynx/Space-concordia-robotics/ros2_ws/install/my_py_pkg:/opt/ros/humble /usr/bin/cmake /home/kasynx/Space-concordia-robotics/ros2_ws/src/my_cpp_pkg -DCMAKE_INSTALL_PREFIX=/home/kasynx/Space-concordia-robotics/ros2_ws/install/my_cpp_pkg
[0.692s] Invoking command in '/home/kasynx/Space-concordia-robotics/ros2_ws/build/my_cpp_pkg': CMAKE_PREFIX_PATH=/home/kasynx/Space-concordia-robotics/ros2_ws/install/my_py_pkg:/opt/ros/humble /usr/bin/cmake --build /home/kasynx/Space-concordia-robotics/ros2_ws/build/my_cpp_pkg -- -j2 -l2
[0.764s] [ 50%] [32mBuilding CXX object CMakeFiles/robot_news_station.dir/src/robot_news_station.cpp.o[0m
[4.973s] [100%] [32m[1mLinking CXX executable robot_news_station[0m
[5.462s] [100%] Built target robot_news_station
[5.486s] Invoked command in '/home/kasynx/Space-concordia-robotics/ros2_ws/build/my_cpp_pkg' returned '0': CMAKE_PREFIX_PATH=/home/kasynx/Space-concordia-robotics/ros2_ws/install/my_py_pkg:/opt/ros/humble /usr/bin/cmake --build /home/kasynx/Space-concordia-robotics/ros2_ws/build/my_cpp_pkg -- -j2 -l2
[5.497s] Invoking command in '/home/kasynx/Space-concordia-robotics/ros2_ws/build/my_cpp_pkg': CMAKE_PREFIX_PATH=/home/kasynx/Space-concordia-robotics/ros2_ws/install/my_py_pkg:/opt/ros/humble /usr/bin/cmake --install /home/kasynx/Space-concordia-robotics/ros2_ws/build/my_cpp_pkg
[5.506s] -- Install configuration: ""
[5.507s] -- Installing: /home/kasynx/Space-concordia-robotics/ros2_ws/install/my_cpp_pkg/lib/my_cpp_pkg/robot_news_station
[5.508s] -- Set runtime path of "/home/kasynx/Space-concordia-robotics/ros2_ws/install/my_cpp_pkg/lib/my_cpp_pkg/robot_news_station" to ""
[5.508s] -- Installing: /home/kasynx/Space-concordia-robotics/ros2_ws/install/my_cpp_pkg/share/ament_index/resource_index/package_run_dependencies/my_cpp_pkg
[5.509s] -- Installing: /home/kasynx/Space-concordia-robotics/ros2_ws/install/my_cpp_pkg/share/ament_index/resource_index/parent_prefix_path/my_cpp_pkg
[5.509s] -- Installing: /home/kasynx/Space-concordia-robotics/ros2_ws/install/my_cpp_pkg/share/my_cpp_pkg/environment/ament_prefix_path.sh
[5.509s] -- Installing: /home/kasynx/Space-concordia-robotics/ros2_ws/install/my_cpp_pkg/share/my_cpp_pkg/environment/ament_prefix_path.dsv
[5.510s] -- Installing: /home/kasynx/Space-concordia-robotics/ros2_ws/install/my_cpp_pkg/share/my_cpp_pkg/environment/path.sh
[5.510s] -- Installing: /home/kasynx/Space-concordia-robotics/ros2_ws/install/my_cpp_pkg/share/my_cpp_pkg/environment/path.dsv
[5.510s] -- Installing: /home/kasynx/Space-concordia-robotics/ros2_ws/install/my_cpp_pkg/share/my_cpp_pkg/local_setup.bash
[5.510s] -- Installing: /home/kasynx/Space-concordia-robotics/ros2_ws/install/my_cpp_pkg/share/my_cpp_pkg/local_setup.sh
[5.510s] -- Installing: /home/kasynx/Space-concordia-robotics/ros2_ws/install/my_cpp_pkg/share/my_cpp_pkg/local_setup.zsh
[5.510s] -- Installing: /home/kasynx/Space-concordia-robotics/ros2_ws/install/my_cpp_pkg/share/my_cpp_pkg/local_setup.dsv
[5.511s] -- Installing: /home/kasynx/Space-concordia-robotics/ros2_ws/install/my_cpp_pkg/share/my_cpp_pkg/package.dsv
[5.511s] -- Installing: /home/kasynx/Space-concordia-robotics/ros2_ws/install/my_cpp_pkg/share/ament_index/resource_index/packages/my_cpp_pkg
[5.511s] -- Installing: /home/kasynx/Space-concordia-robotics/ros2_ws/install/my_cpp_pkg/share/my_cpp_pkg/cmake/my_cpp_pkgConfig.cmake
[5.512s] -- Installing: /home/kasynx/Space-concordia-robotics/ros2_ws/install/my_cpp_pkg/share/my_cpp_pkg/cmake/my_cpp_pkgConfig-version.cmake
[5.512s] -- Installing: /home/kasynx/Space-concordia-robotics/ros2_ws/install/my_cpp_pkg/share/my_cpp_pkg/package.xml
[5.519s] Invoked command in '/home/kasynx/Space-concordia-robotics/ros2_ws/build/my_cpp_pkg' returned '0': CMAKE_PREFIX_PATH=/home/kasynx/Space-concordia-robotics/ros2_ws/install/my_py_pkg:/opt/ros/humble /usr/bin/cmake --install /home/kasynx/Space-concordia-robotics/ros2_ws/build/my_cpp_pkg
