[0.311s] DEBUG:colcon:Command line arguments: ['/usr/bin/colcon', 'build', '--packages-select', 'my_cpp_pkg']
[0.311s] DEBUG:colcon:Parsed command line arguments: Namespace(log_base=None, log_level=None, verb_name='build', build_base='build', install_base='install', merge_install=False, symlink_install=False, test_result_base=None, continue_on_error=False, executor='parallel', parallel_workers=2, event_handlers=None, ignore_user_meta=False, metas=['./colcon.meta'], base_paths=['.'], packages_ignore=None, packages_ignore_regex=None, paths=None, packages_up_to=None, packages_up_to_regex=None, packages_above=None, packages_above_and_dependencies=None, packages_above_depth=None, packages_select_by_dep=None, packages_skip_by_dep=None, packages_skip_up_to=None, packages_select_build_failed=False, packages_skip_build_finished=False, packages_select_test_failures=False, packages_skip_test_passed=False, packages_select=['my_cpp_pkg'], packages_skip=None, packages_select_regex=None, packages_skip_regex=None, packages_start=None, packages_end=None, allow_overriding=[], cmake_args=None, cmake_target=None, cmake_target_skip_unavailable=False, cmake_clean_cache=False, cmake_clean_first=False, cmake_force_configure=False, ament_cmake_args=None, catkin_cmake_args=None, catkin_skip_building_tests=False, mixin_files=None, mixin=None, verb_parser=<colcon_mixin.mixin.mixin_argument.MixinArgumentDecorator object at 0x7021fead9210>, verb_extension=<colcon_core.verb.build.BuildVerb object at 0x7021fead8b80>, main=<bound method BuildVerb.main of <colcon_core.verb.build.BuildVerb object at 0x7021fead8b80>>, mixin_verb=('build',))
[0.494s] Level 1:colcon.colcon_core.package_discovery:discover_packages(colcon_meta) check parameters
[0.494s] Level 1:colcon.colcon_core.package_discovery:discover_packages(recursive) check parameters
[0.494s] Level 1:colcon.colcon_core.package_discovery:discover_packages(ignore) check parameters
[0.494s] Level 1:colcon.colcon_core.package_discovery:discover_packages(path) check parameters
[0.494s] Level 1:colcon.colcon_core.package_discovery:discover_packages(colcon_meta) discover
[0.494s] Level 1:colcon.colcon_core.package_discovery:discover_packages(recursive) discover
[0.494s] INFO:colcon.colcon_core.package_discovery:Crawling recursively for packages in '/home/kasynx/Space-concordia-robotics/ros2_ws'
[0.494s] Level 1:colcon.colcon_core.package_identification:_identify(.) by extensions ['ignore', 'ignore_ament_install']
[0.494s] Level 1:colcon.colcon_core.package_identification:_identify(.) by extension 'ignore'
[0.494s] Level 1:colcon.colcon_core.package_identification:_identify(.) by extension 'ignore_ament_install'
[0.494s] Level 1:colcon.colcon_core.package_identification:_identify(.) by extensions ['colcon_pkg']
[0.494s] Level 1:colcon.colcon_core.package_identification:_identify(.) by extension 'colcon_pkg'
[0.494s] Level 1:colcon.colcon_core.package_identification:_identify(.) by extensions ['colcon_meta']
[0.494s] Level 1:colcon.colcon_core.package_identification:_identify(.) by extension 'colcon_meta'
[0.494s] Level 1:colcon.colcon_core.package_identification:_identify(.) by extensions ['ros']
[0.494s] Level 1:colcon.colcon_core.package_identification:_identify(.) by extension 'ros'
[0.504s] Level 1:colcon.colcon_core.package_identification:_identify(.) by extensions ['cmake', 'python']
[0.504s] Level 1:colcon.colcon_core.package_identification:_identify(.) by extension 'cmake'
[0.504s] Level 1:colcon.colcon_core.package_identification:_identify(.) by extension 'python'
[0.504s] Level 1:colcon.colcon_core.package_identification:_identify(.) by extensions ['python_setup_py']
[0.504s] Level 1:colcon.colcon_core.package_identification:_identify(.) by extension 'python_setup_py'
[0.504s] Level 1:colcon.colcon_core.package_identification:_identify(build) by extensions ['ignore', 'ignore_ament_install']
[0.504s] Level 1:colcon.colcon_core.package_identification:_identify(build) by extension 'ignore'
[0.504s] Level 1:colcon.colcon_core.package_identification:_identify(build) ignored
[0.504s] Level 1:colcon.colcon_core.package_identification:_identify(install) by extensions ['ignore', 'ignore_ament_install']
[0.504s] Level 1:colcon.colcon_core.package_identification:_identify(install) by extension 'ignore'
[0.504s] Level 1:colcon.colcon_core.package_identification:_identify(install) ignored
[0.504s] Level 1:colcon.colcon_core.package_identification:_identify(log) by extensions ['ignore', 'ignore_ament_install']
[0.505s] Level 1:colcon.colcon_core.package_identification:_identify(log) by extension 'ignore'
[0.505s] Level 1:colcon.colcon_core.package_identification:_identify(log) ignored
[0.505s] Level 1:colcon.colcon_core.package_identification:_identify(src) by extensions ['ignore', 'ignore_ament_install']
[0.505s] Level 1:colcon.colcon_core.package_identification:_identify(src) by extension 'ignore'
[0.505s] Level 1:colcon.colcon_core.package_identification:_identify(src) by extension 'ignore_ament_install'
[0.505s] Level 1:colcon.colcon_core.package_identification:_identify(src) by extensions ['colcon_pkg']
[0.505s] Level 1:colcon.colcon_core.package_identification:_identify(src) by extension 'colcon_pkg'
[0.505s] Level 1:colcon.colcon_core.package_identification:_identify(src) by extensions ['colcon_meta']
[0.505s] Level 1:colcon.colcon_core.package_identification:_identify(src) by extension 'colcon_meta'
[0.505s] Level 1:colcon.colcon_core.package_identification:_identify(src) by extensions ['ros']
[0.505s] Level 1:colcon.colcon_core.package_identification:_identify(src) by extension 'ros'
[0.505s] Level 1:colcon.colcon_core.package_identification:_identify(src) by extensions ['cmake', 'python']
[0.505s] Level 1:colcon.colcon_core.package_identification:_identify(src) by extension 'cmake'
[0.505s] Level 1:colcon.colcon_core.package_identification:_identify(src) by extension 'python'
[0.505s] Level 1:colcon.colcon_core.package_identification:_identify(src) by extensions ['python_setup_py']
[0.505s] Level 1:colcon.colcon_core.package_identification:_identify(src) by extension 'python_setup_py'
[0.505s] Level 1:colcon.colcon_core.package_identification:_identify(src/my_cpp_pkg) by extensions ['ignore', 'ignore_ament_install']
[0.505s] Level 1:colcon.colcon_core.package_identification:_identify(src/my_cpp_pkg) by extension 'ignore'
[0.505s] Level 1:colcon.colcon_core.package_identification:_identify(src/my_cpp_pkg) by extension 'ignore_ament_install'
[0.505s] Level 1:colcon.colcon_core.package_identification:_identify(src/my_cpp_pkg) by extensions ['colcon_pkg']
[0.505s] Level 1:colcon.colcon_core.package_identification:_identify(src/my_cpp_pkg) by extension 'colcon_pkg'
[0.505s] Level 1:colcon.colcon_core.package_identification:_identify(src/my_cpp_pkg) by extensions ['colcon_meta']
[0.505s] Level 1:colcon.colcon_core.package_identification:_identify(src/my_cpp_pkg) by extension 'colcon_meta'
[0.505s] Level 1:colcon.colcon_core.package_identification:_identify(src/my_cpp_pkg) by extensions ['ros']
[0.505s] Level 1:colcon.colcon_core.package_identification:_identify(src/my_cpp_pkg) by extension 'ros'
[0.515s] DEBUG:colcon.colcon_core.package_identification:Package 'src/my_cpp_pkg' with type 'ros.ament_cmake' and name 'my_cpp_pkg'
[0.515s] Level 1:colcon.colcon_core.package_identification:_identify(src/my_py_pkg) by extensions ['ignore', 'ignore_ament_install']
[0.515s] Level 1:colcon.colcon_core.package_identification:_identify(src/my_py_pkg) by extension 'ignore'
[0.515s] Level 1:colcon.colcon_core.package_identification:_identify(src/my_py_pkg) by extension 'ignore_ament_install'
[0.515s] Level 1:colcon.colcon_core.package_identification:_identify(src/my_py_pkg) by extensions ['colcon_pkg']
[0.515s] Level 1:colcon.colcon_core.package_identification:_identify(src/my_py_pkg) by extension 'colcon_pkg'
[0.515s] Level 1:colcon.colcon_core.package_identification:_identify(src/my_py_pkg) by extensions ['colcon_meta']
[0.515s] Level 1:colcon.colcon_core.package_identification:_identify(src/my_py_pkg) by extension 'colcon_meta'
[0.515s] Level 1:colcon.colcon_core.package_identification:_identify(src/my_py_pkg) by extensions ['ros']
[0.515s] Level 1:colcon.colcon_core.package_identification:_identify(src/my_py_pkg) by extension 'ros'
[0.516s] DEBUG:colcon.colcon_core.package_identification:Package 'src/my_py_pkg' with type 'ros.ament_python' and name 'my_py_pkg'
[0.517s] Level 1:colcon.colcon_core.package_discovery:discover_packages(recursive) using defaults
[0.517s] Level 1:colcon.colcon_core.package_discovery:discover_packages(ignore) discover
[0.517s] Level 1:colcon.colcon_core.package_discovery:discover_packages(ignore) using defaults
[0.517s] Level 1:colcon.colcon_core.package_discovery:discover_packages(path) discover
[0.517s] Level 1:colcon.colcon_core.package_discovery:discover_packages(path) using defaults
[0.569s] INFO:colcon.colcon_core.package_selection:Skipping not selected package 'my_py_pkg' in 'src/my_py_pkg'
[0.570s] Level 1:colcon.colcon_core.package_discovery:discover_packages(prefix_path) check parameters
[0.570s] Level 1:colcon.colcon_core.package_discovery:discover_packages(prefix_path) discover
[0.571s] DEBUG:colcon.colcon_installed_package_information.package_discovery:Found 2 installed packages in /home/kasynx/Space-concordia-robotics/ros2_ws/install
[0.573s] DEBUG:colcon.colcon_installed_package_information.package_discovery:Found 271 installed packages in /opt/ros/humble
[0.574s] Level 1:colcon.colcon_core.package_discovery:discover_packages(prefix_path) using defaults
[0.613s] Level 5:colcon.colcon_core.verb:set package 'my_cpp_pkg' build argument 'cmake_args' from command line to 'None'
[0.613s] Level 5:colcon.colcon_core.verb:set package 'my_cpp_pkg' build argument 'cmake_target' from command line to 'None'
[0.613s] Level 5:colcon.colcon_core.verb:set package 'my_cpp_pkg' build argument 'cmake_target_skip_unavailable' from command line to 'False'
[0.613s] Level 5:colcon.colcon_core.verb:set package 'my_cpp_pkg' build argument 'cmake_clean_cache' from command line to 'False'
[0.613s] Level 5:colcon.colcon_core.verb:set package 'my_cpp_pkg' build argument 'cmake_clean_first' from command line to 'False'
[0.613s] Level 5:colcon.colcon_core.verb:set package 'my_cpp_pkg' build argument 'cmake_force_configure' from command line to 'False'
[0.613s] Level 5:colcon.colcon_core.verb:set package 'my_cpp_pkg' build argument 'ament_cmake_args' from command line to 'None'
[0.613s] Level 5:colcon.colcon_core.verb:set package 'my_cpp_pkg' build argument 'catkin_cmake_args' from command line to 'None'
[0.613s] Level 5:colcon.colcon_core.verb:set package 'my_cpp_pkg' build argument 'catkin_skip_building_tests' from command line to 'False'
[0.614s] DEBUG:colcon.colcon_core.verb:Building package 'my_cpp_pkg' with the following arguments: {'ament_cmake_args': None, 'build_base': '/home/kasynx/Space-concordia-robotics/ros2_ws/build/my_cpp_pkg', 'catkin_cmake_args': None, 'catkin_skip_building_tests': False, 'cmake_args': None, 'cmake_clean_cache': False, 'cmake_clean_first': False, 'cmake_force_configure': False, 'cmake_target': None, 'cmake_target_skip_unavailable': False, 'install_base': '/home/kasynx/Space-concordia-robotics/ros2_ws/install/my_cpp_pkg', 'merge_install': False, 'path': '/home/kasynx/Space-concordia-robotics/ros2_ws/src/my_cpp_pkg', 'symlink_install': False, 'test_result_base': None}
[0.614s] INFO:colcon.colcon_core.executor:Executing jobs using 'parallel' executor
[0.616s] DEBUG:colcon.colcon_parallel_executor.executor.parallel:run_until_complete
[0.616s] INFO:colcon.colcon_ros.task.ament_cmake.build:Building ROS package in '/home/kasynx/Space-concordia-robotics/ros2_ws/src/my_cpp_pkg' with build type 'ament_cmake'
[0.616s] INFO:colcon.colcon_cmake.task.cmake.build:Building CMake package in '/home/kasynx/Space-concordia-robotics/ros2_ws/src/my_cpp_pkg'
[0.623s] INFO:colcon.colcon_core.plugin_system:Skipping extension 'colcon_core.shell.bat': Not used on non-Windows systems
[0.623s] INFO:colcon.colcon_core.shell:Skip shell extension 'powershell' for command environment: Not usable outside of PowerShell
[0.623s] DEBUG:colcon.colcon_core.shell:Skip shell extension 'dsv' for command environment
[0.649s] DEBUG:colcon.colcon_core.event_handler.log_command:Invoking command in '/home/kasynx/Space-concordia-robotics/ros2_ws/build/my_cpp_pkg': CMAKE_PREFIX_PATH=${CMAKE_PREFIX_PATH}:/home/kasynx/Space-concordia-robotics/ros2_ws/install/my_py_pkg:/opt/ros/humble /usr/bin/cmake --build /home/kasynx/Space-concordia-robotics/ros2_ws/build/my_cpp_pkg -- -j2 -l2
[12.811s] DEBUG:colcon.colcon_core.event_handler.log_command:Invoked command in '/home/kasynx/Space-concordia-robotics/ros2_ws/build/my_cpp_pkg' returned '0': CMAKE_PREFIX_PATH=${CMAKE_PREFIX_PATH}:/home/kasynx/Space-concordia-robotics/ros2_ws/install/my_py_pkg:/opt/ros/humble /usr/bin/cmake --build /home/kasynx/Space-concordia-robotics/ros2_ws/build/my_cpp_pkg -- -j2 -l2
[12.833s] DEBUG:colcon.colcon_core.event_handler.log_command:Invoking command in '/home/kasynx/Space-concordia-robotics/ros2_ws/build/my_cpp_pkg': CMAKE_PREFIX_PATH=${CMAKE_PREFIX_PATH}:/home/kasynx/Space-concordia-robotics/ros2_ws/install/my_py_pkg:/opt/ros/humble /usr/bin/cmake --install /home/kasynx/Space-concordia-robotics/ros2_ws/build/my_cpp_pkg
[12.869s] Level 1:colcon.colcon_core.environment:create_environment_scripts_only(my_cpp_pkg)
[12.870s] DEBUG:colcon.colcon_core.event_handler.log_command:Invoked command in '/home/kasynx/Space-concordia-robotics/ros2_ws/build/my_cpp_pkg' returned '0': CMAKE_PREFIX_PATH=${CMAKE_PREFIX_PATH}:/home/kasynx/Space-concordia-robotics/ros2_ws/install/my_py_pkg:/opt/ros/humble /usr/bin/cmake --install /home/kasynx/Space-concordia-robotics/ros2_ws/build/my_cpp_pkg
[12.880s] Level 1:colcon.colcon_core.environment:checking '/home/kasynx/Space-concordia-robotics/ros2_ws/install/my_cpp_pkg' for CMake module files
[12.880s] Level 1:colcon.colcon_core.environment:checking '/home/kasynx/Space-concordia-robotics/ros2_ws/install/my_cpp_pkg' for CMake config files
[12.882s] Level 1:colcon.colcon_core.shell:create_environment_hook('my_cpp_pkg', 'cmake_prefix_path')
[12.883s] INFO:colcon.colcon_core.shell:Creating environment hook '/home/kasynx/Space-concordia-robotics/ros2_ws/install/my_cpp_pkg/share/my_cpp_pkg/hook/cmake_prefix_path.ps1'
[12.884s] INFO:colcon.colcon_core.shell:Creating environment descriptor '/home/kasynx/Space-concordia-robotics/ros2_ws/install/my_cpp_pkg/share/my_cpp_pkg/hook/cmake_prefix_path.dsv'
[12.884s] INFO:colcon.colcon_core.shell:Creating environment hook '/home/kasynx/Space-concordia-robotics/ros2_ws/install/my_cpp_pkg/share/my_cpp_pkg/hook/cmake_prefix_path.sh'
[12.886s] Level 1:colcon.colcon_core.environment:checking '/home/kasynx/Space-concordia-robotics/ros2_ws/install/my_cpp_pkg/lib'
[12.887s] Level 1:colcon.colcon_core.environment:checking '/home/kasynx/Space-concordia-robotics/ros2_ws/install/my_cpp_pkg/bin'
[12.887s] Level 1:colcon.colcon_core.environment:checking '/home/kasynx/Space-concordia-robotics/ros2_ws/install/my_cpp_pkg/lib/pkgconfig/my_cpp_pkg.pc'
[12.887s] Level 1:colcon.colcon_core.environment:checking '/home/kasynx/Space-concordia-robotics/ros2_ws/install/my_cpp_pkg/lib/python3.10/site-packages'
[12.887s] Level 1:colcon.colcon_core.environment:checking '/home/kasynx/Space-concordia-robotics/ros2_ws/install/my_cpp_pkg/bin'
[12.887s] INFO:colcon.colcon_core.shell:Creating package script '/home/kasynx/Space-concordia-robotics/ros2_ws/install/my_cpp_pkg/share/my_cpp_pkg/package.ps1'
[12.888s] INFO:colcon.colcon_core.shell:Creating package descriptor '/home/kasynx/Space-concordia-robotics/ros2_ws/install/my_cpp_pkg/share/my_cpp_pkg/package.dsv'
[12.889s] INFO:colcon.colcon_core.shell:Creating package script '/home/kasynx/Space-concordia-robotics/ros2_ws/install/my_cpp_pkg/share/my_cpp_pkg/package.sh'
[12.890s] INFO:colcon.colcon_core.shell:Creating package script '/home/kasynx/Space-concordia-robotics/ros2_ws/install/my_cpp_pkg/share/my_cpp_pkg/package.bash'
[12.891s] INFO:colcon.colcon_core.shell:Creating package script '/home/kasynx/Space-concordia-robotics/ros2_ws/install/my_cpp_pkg/share/my_cpp_pkg/package.zsh'
[12.892s] Level 1:colcon.colcon_core.environment:create_file_with_runtime_dependencies(/home/kasynx/Space-concordia-robotics/ros2_ws/install/my_cpp_pkg/share/colcon-core/packages/my_cpp_pkg)
[12.893s] Level 1:colcon.colcon_core.environment:create_environment_scripts_only(my_cpp_pkg)
[12.894s] Level 1:colcon.colcon_core.environment:checking '/home/kasynx/Space-concordia-robotics/ros2_ws/install/my_cpp_pkg' for CMake module files
[12.894s] Level 1:colcon.colcon_core.environment:checking '/home/kasynx/Space-concordia-robotics/ros2_ws/install/my_cpp_pkg' for CMake config files
[12.894s] Level 1:colcon.colcon_core.shell:create_environment_hook('my_cpp_pkg', 'cmake_prefix_path')
[12.894s] INFO:colcon.colcon_core.shell:Creating environment hook '/home/kasynx/Space-concordia-robotics/ros2_ws/install/my_cpp_pkg/share/my_cpp_pkg/hook/cmake_prefix_path.ps1'
[12.895s] INFO:colcon.colcon_core.shell:Creating environment descriptor '/home/kasynx/Space-concordia-robotics/ros2_ws/install/my_cpp_pkg/share/my_cpp_pkg/hook/cmake_prefix_path.dsv'
[12.896s] INFO:colcon.colcon_core.shell:Creating environment hook '/home/kasynx/Space-concordia-robotics/ros2_ws/install/my_cpp_pkg/share/my_cpp_pkg/hook/cmake_prefix_path.sh'
[12.897s] Level 1:colcon.colcon_core.environment:checking '/home/kasynx/Space-concordia-robotics/ros2_ws/install/my_cpp_pkg/lib'
[12.897s] Level 1:colcon.colcon_core.environment:checking '/home/kasynx/Space-concordia-robotics/ros2_ws/install/my_cpp_pkg/bin'
[12.897s] Level 1:colcon.colcon_core.environment:checking '/home/kasynx/Space-concordia-robotics/ros2_ws/install/my_cpp_pkg/lib/pkgconfig/my_cpp_pkg.pc'
[12.897s] Level 1:colcon.colcon_core.environment:checking '/home/kasynx/Space-concordia-robotics/ros2_ws/install/my_cpp_pkg/lib/python3.10/site-packages'
[12.897s] Level 1:colcon.colcon_core.environment:checking '/home/kasynx/Space-concordia-robotics/ros2_ws/install/my_cpp_pkg/bin'
[12.897s] INFO:colcon.colcon_core.shell:Creating package script '/home/kasynx/Space-concordia-robotics/ros2_ws/install/my_cpp_pkg/share/my_cpp_pkg/package.ps1'
[12.898s] INFO:colcon.colcon_core.shell:Creating package descriptor '/home/kasynx/Space-concordia-robotics/ros2_ws/install/my_cpp_pkg/share/my_cpp_pkg/package.dsv'
[12.899s] INFO:colcon.colcon_core.shell:Creating package script '/home/kasynx/Space-concordia-robotics/ros2_ws/install/my_cpp_pkg/share/my_cpp_pkg/package.sh'
[12.899s] INFO:colcon.colcon_core.shell:Creating package script '/home/kasynx/Space-concordia-robotics/ros2_ws/install/my_cpp_pkg/share/my_cpp_pkg/package.bash'
[12.900s] INFO:colcon.colcon_core.shell:Creating package script '/home/kasynx/Space-concordia-robotics/ros2_ws/install/my_cpp_pkg/share/my_cpp_pkg/package.zsh'
[12.901s] Level 1:colcon.colcon_core.environment:create_file_with_runtime_dependencies(/home/kasynx/Space-concordia-robotics/ros2_ws/install/my_cpp_pkg/share/colcon-core/packages/my_cpp_pkg)
[12.902s] DEBUG:colcon.colcon_parallel_executor.executor.parallel:closing loop
[12.903s] DEBUG:colcon.colcon_parallel_executor.executor.parallel:loop closed
[12.903s] DEBUG:colcon.colcon_parallel_executor.executor.parallel:run_until_complete finished with '0'
[12.903s] DEBUG:colcon.colcon_core.event_reactor:joining thread
[12.933s] INFO:colcon.colcon_core.plugin_system:Skipping extension 'colcon_notification.desktop_notification.terminal_notifier': Not used on non-Darwin systems
[12.933s] INFO:colcon.colcon_core.plugin_system:Skipping extension 'colcon_notification.desktop_notification.win32': Not used on non-Windows systems
[12.933s] INFO:colcon.colcon_notification.desktop_notification:Sending desktop notification using 'notify2'
[12.975s] DEBUG:colcon.colcon_core.event_reactor:joined thread
[12.975s] INFO:colcon.colcon_core.shell:Creating prefix script '/home/kasynx/Space-concordia-robotics/ros2_ws/install/local_setup.ps1'
[12.976s] INFO:colcon.colcon_core.shell:Creating prefix util module '/home/kasynx/Space-concordia-robotics/ros2_ws/install/_local_setup_util_ps1.py'
[12.979s] INFO:colcon.colcon_core.shell:Creating prefix chain script '/home/kasynx/Space-concordia-robotics/ros2_ws/install/setup.ps1'
[12.990s] INFO:colcon.colcon_core.shell:Creating prefix script '/home/kasynx/Space-concordia-robotics/ros2_ws/install/local_setup.sh'
[12.992s] INFO:colcon.colcon_core.shell:Creating prefix util module '/home/kasynx/Space-concordia-robotics/ros2_ws/install/_local_setup_util_sh.py'
[12.993s] INFO:colcon.colcon_core.shell:Creating prefix chain script '/home/kasynx/Space-concordia-robotics/ros2_ws/install/setup.sh'
[12.995s] INFO:colcon.colcon_core.shell:Creating prefix script '/home/kasynx/Space-concordia-robotics/ros2_ws/install/local_setup.bash'
[12.997s] INFO:colcon.colcon_core.shell:Creating prefix chain script '/home/kasynx/Space-concordia-robotics/ros2_ws/install/setup.bash'
[12.999s] INFO:colcon.colcon_core.shell:Creating prefix script '/home/kasynx/Space-concordia-robotics/ros2_ws/install/local_setup.zsh'
[13.005s] INFO:colcon.colcon_core.shell:Creating prefix chain script '/home/kasynx/Space-concordia-robotics/ros2_ws/install/setup.zsh'
