[0.637s] Invoking command in '/home/kasynx/Space-concordia-robotics/ros2_ws/src/my_py_pkg': PYTHONPATH=/home/kasynx/Space-concordia-robotics/ros2_ws/build/my_py_pkg/prefix_override:/usr/lib/python3/dist-packages/colcon_core/task/python/colcon_distutils_commands:/home/kasynx/Space-concordia-robotics/ros2_ws/install/my_py_pkg/lib/python3.10/site-packages:${PYTHONPATH} /usr/bin/python3 -W ignore:setup.py install is deprecated -W ignore:easy_install command is deprecated setup.py egg_info --egg-base ../../build/my_py_pkg build --build-base /home/kasynx/Space-concordia-robotics/ros2_ws/build/my_py_pkg/build install --record /home/kasynx/Space-concordia-robotics/ros2_ws/build/my_py_pkg/install.log --single-version-externally-managed install_data
[0.819s] running egg_info
[0.820s] writing ../../build/my_py_pkg/my_py_pkg.egg-info/PKG-INFO
[0.823s] writing dependency_links to ../../build/my_py_pkg/my_py_pkg.egg-info/dependency_links.txt
[0.834s] writing entry points to ../../build/my_py_pkg/my_py_pkg.egg-info/entry_points.txt
[0.844s] writing requirements to ../../build/my_py_pkg/my_py_pkg.egg-info/requires.txt
[0.845s] writing top-level names to ../../build/my_py_pkg/my_py_pkg.egg-info/top_level.txt
[0.849s] reading manifest file '../../build/my_py_pkg/my_py_pkg.egg-info/SOURCES.txt'
[0.855s] writing manifest file '../../build/my_py_pkg/my_py_pkg.egg-info/SOURCES.txt'
[0.855s] running build
[0.855s] running build_py
[0.855s] copying my_py_pkg/robot_news_station.py -> /home/kasynx/Space-concordia-robotics/ros2_ws/build/my_py_pkg/build/lib/my_py_pkg
[0.855s] running install
[0.857s] running install_lib
[0.857s] copying /home/kasynx/Space-concordia-robotics/ros2_ws/build/my_py_pkg/build/lib/my_py_pkg/robot_news_station.py -> /home/kasynx/Space-concordia-robotics/ros2_ws/install/my_py_pkg/lib/python3.10/site-packages/my_py_pkg
[0.857s] byte-compiling /home/kasynx/Space-concordia-robotics/ros2_ws/install/my_py_pkg/lib/python3.10/site-packages/my_py_pkg/robot_news_station.py to robot_news_station.cpython-310.pyc
[0.860s] running install_data
[0.860s] running install_egg_info
[0.862s] removing '/home/kasynx/Space-concordia-robotics/ros2_ws/install/my_py_pkg/lib/python3.10/site-packages/my_py_pkg-0.0.0-py3.10.egg-info' (and everything under it)
[0.863s] Copying ../../build/my_py_pkg/my_py_pkg.egg-info to /home/kasynx/Space-concordia-robotics/ros2_ws/install/my_py_pkg/lib/python3.10/site-packages/my_py_pkg-0.0.0-py3.10.egg-info
[0.864s] running install_scripts
[0.887s] Installing robot_news_station script to /home/kasynx/Space-concordia-robotics/ros2_ws/install/my_py_pkg/lib/my_py_pkg
[0.888s] writing list of installed files to '/home/kasynx/Space-concordia-robotics/ros2_ws/build/my_py_pkg/install.log'
[0.911s] Invoked command in '/home/kasynx/Space-concordia-robotics/ros2_ws/src/my_py_pkg' returned '0': PYTHONPATH=/home/kasynx/Space-concordia-robotics/ros2_ws/build/my_py_pkg/prefix_override:/usr/lib/python3/dist-packages/colcon_core/task/python/colcon_distutils_commands:/home/kasynx/Space-concordia-robotics/ros2_ws/install/my_py_pkg/lib/python3.10/site-packages:${PYTHONPATH} /usr/bin/python3 -W ignore:setup.py install is deprecated -W ignore:easy_install command is deprecated setup.py egg_info --egg-base ../../build/my_py_pkg build --build-base /home/kasynx/Space-concordia-robotics/ros2_ws/build/my_py_pkg/build install --record /home/kasynx/Space-concordia-robotics/ros2_ws/build/my_py_pkg/install.log --single-version-externally-managed install_data
