[0.794s] Invoking command in '/home/kasynx/Space-concordia-robotics/ros2_ws/src/my_py_pkg': PYTHONPATH=/home/kasynx/Space-concordia-robotics/ros2_ws/build/my_py_pkg/prefix_override:/usr/lib/python3/dist-packages/colcon_core/task/python/colcon_distutils_commands:/home/kasynx/Space-concordia-robotics/ros2_ws/install/my_py_pkg/lib/python3.10/site-packages:${PYTHONPATH} /usr/bin/python3 -W ignore:setup.py install is deprecated -W ignore:easy_install command is deprecated setup.py egg_info --egg-base ../../build/my_py_pkg build --build-base /home/kasynx/Space-concordia-robotics/ros2_ws/build/my_py_pkg/build install --record /home/kasynx/Space-concordia-robotics/ros2_ws/build/my_py_pkg/install.log --single-version-externally-managed install_data
[1.057s] running egg_info
[1.058s] writing ../../build/my_py_pkg/my_py_pkg.egg-info/PKG-INFO
[1.060s] writing dependency_links to ../../build/my_py_pkg/my_py_pkg.egg-info/dependency_links.txt
[1.061s] writing entry points to ../../build/my_py_pkg/my_py_pkg.egg-info/entry_points.txt
[1.061s] writing requirements to ../../build/my_py_pkg/my_py_pkg.egg-info/requires.txt
[1.061s] writing top-level names to ../../build/my_py_pkg/my_py_pkg.egg-info/top_level.txt
[1.062s] reading manifest file '../../build/my_py_pkg/my_py_pkg.egg-info/SOURCES.txt'
[1.065s] writing manifest file '../../build/my_py_pkg/my_py_pkg.egg-info/SOURCES.txt'
[1.066s] running build
[1.066s] running build_py
[1.066s] copying my_py_pkg/robot_news_station.py -> /home/kasynx/Space-concordia-robotics/ros2_ws/build/my_py_pkg/build/lib/my_py_pkg
[1.066s] copying my_py_pkg/smarthphone.py -> /home/kasynx/Space-concordia-robotics/ros2_ws/build/my_py_pkg/build/lib/my_py_pkg
[1.066s] running install
[1.068s] running install_lib
[1.069s] copying /home/kasynx/Space-concordia-robotics/ros2_ws/build/my_py_pkg/build/lib/my_py_pkg/robot_news_station.py -> /home/kasynx/Space-concordia-robotics/ros2_ws/install/my_py_pkg/lib/python3.10/site-packages/my_py_pkg
[1.069s] copying /home/kasynx/Space-concordia-robotics/ros2_ws/build/my_py_pkg/build/lib/my_py_pkg/smarthphone.py -> /home/kasynx/Space-concordia-robotics/ros2_ws/install/my_py_pkg/lib/python3.10/site-packages/my_py_pkg
[1.070s] byte-compiling /home/kasynx/Space-concordia-robotics/ros2_ws/install/my_py_pkg/lib/python3.10/site-packages/my_py_pkg/robot_news_station.py to robot_news_station.cpython-310.pyc
[1.070s] byte-compiling /home/kasynx/Space-concordia-robotics/ros2_ws/install/my_py_pkg/lib/python3.10/site-packages/my_py_pkg/smarthphone.py to smarthphone.cpython-310.pyc
[1.072s] running install_data
[1.072s] copying package.xml -> /home/kasynx/Space-concordia-robotics/ros2_ws/install/my_py_pkg/share/my_py_pkg
[1.072s] running install_egg_info
[1.074s] removing '/home/kasynx/Space-concordia-robotics/ros2_ws/install/my_py_pkg/lib/python3.10/site-packages/my_py_pkg-0.0.0-py3.10.egg-info' (and everything under it)
[1.074s] Copying ../../build/my_py_pkg/my_py_pkg.egg-info to /home/kasynx/Space-concordia-robotics/ros2_ws/install/my_py_pkg/lib/python3.10/site-packages/my_py_pkg-0.0.0-py3.10.egg-info
[1.076s] running install_scripts
[1.099s] Installing robot_news_station script to /home/kasynx/Space-concordia-robotics/ros2_ws/install/my_py_pkg/lib/my_py_pkg
[1.100s] Installing smartphone script to /home/kasynx/Space-concordia-robotics/ros2_ws/install/my_py_pkg/lib/my_py_pkg
[1.100s] writing list of installed files to '/home/kasynx/Space-concordia-robotics/ros2_ws/build/my_py_pkg/install.log'
[1.126s] Invoked command in '/home/kasynx/Space-concordia-robotics/ros2_ws/src/my_py_pkg' returned '0': PYTHONPATH=/home/kasynx/Space-concordia-robotics/ros2_ws/build/my_py_pkg/prefix_override:/usr/lib/python3/dist-packages/colcon_core/task/python/colcon_distutils_commands:/home/kasynx/Space-concordia-robotics/ros2_ws/install/my_py_pkg/lib/python3.10/site-packages:${PYTHONPATH} /usr/bin/python3 -W ignore:setup.py install is deprecated -W ignore:easy_install command is deprecated setup.py egg_info --egg-base ../../build/my_py_pkg build --build-base /home/kasynx/Space-concordia-robotics/ros2_ws/build/my_py_pkg/build install --record /home/kasynx/Space-concordia-robotics/ros2_ws/build/my_py_pkg/install.log --single-version-externally-managed install_data
