[0.047s] Invoking command in '/home/kasynx/Space-concordia-robotics/ros2_ws/build/my_cpp_pkg': CMAKE_PREFIX_PATH=${CMAKE_PREFIX_PATH}:/home/kasynx/Space-concordia-robotics/ros2_ws/install/my_py_pkg:/opt/ros/humble /usr/bin/cmake --build /home/kasynx/Space-concordia-robotics/ros2_ws/build/my_cpp_pkg -- -j2 -l2
[0.090s] -- Found ament_cmake: 1.3.12 (/opt/ros/humble/share/ament_cmake/cmake)
[0.245s] -- Found rclcpp: 16.0.14 (/opt/ros/humble/share/rclcpp/cmake)
[0.260s] -- Found rosidl_generator_c: 3.1.7 (/opt/ros/humble/share/rosidl_generator_c/cmake)
[0.262s] -- Found rosidl_adapter: 3.1.7 (/opt/ros/humble/share/rosidl_adapter/cmake)
[0.271s] -- Found rosidl_generator_cpp: 3.1.7 (/opt/ros/humble/share/rosidl_generator_cpp/cmake)
[0.282s] -- Using all available rosidl_typesupport_c: rosidl_typesupport_fastrtps_c;rosidl_typesupport_introspection_c
[0.350s] -- Using all available rosidl_typesupport_cpp: rosidl_typesupport_fastrtps_cpp;rosidl_typesupport_introspection_cpp
[0.350s] -- Found rmw_implementation_cmake: 6.1.2 (/opt/ros/humble/share/rmw_implementation_cmake/cmake)
[0.351s] -- Found rmw_fastrtps_cpp: 6.2.8 (/opt/ros/humble/share/rmw_fastrtps_cpp/cmake)
[0.433s] -- Using RMW implementation 'rmw_fastrtps_cpp' as default
[0.498s] -- Found example_interfaces: 0.9.3 (/opt/ros/humble/share/example_interfaces/cmake)
[0.595s] -- Configuring done
[0.618s] -- Generating done
[0.625s] -- Build files have been written to: /home/kasynx/Space-concordia-robotics/ros2_ws/build/my_cpp_pkg
[0.664s] [35m[1mConsolidate compiler generated dependencies of target robot_news_station[0m
[0.684s] [ 50%] [32mBuilding CXX object CMakeFiles/robot_news_station.dir/src/robot_news_station.cpp.o[0m
[4.890s] [100%] [32m[1mLinking CXX executable robot_news_station[0m
[5.196s] [100%] Built target robot_news_station
[5.229s] Invoked command in '/home/kasynx/Space-concordia-robotics/ros2_ws/build/my_cpp_pkg' returned '0': CMAKE_PREFIX_PATH=${CMAKE_PREFIX_PATH}:/home/kasynx/Space-concordia-robotics/ros2_ws/install/my_py_pkg:/opt/ros/humble /usr/bin/cmake --build /home/kasynx/Space-concordia-robotics/ros2_ws/build/my_cpp_pkg -- -j2 -l2
[5.246s] Invoking command in '/home/kasynx/Space-concordia-robotics/ros2_ws/build/my_cpp_pkg': CMAKE_PREFIX_PATH=${CMAKE_PREFIX_PATH}:/home/kasynx/Space-concordia-robotics/ros2_ws/install/my_py_pkg:/opt/ros/humble /usr/bin/cmake --install /home/kasynx/Space-concordia-robotics/ros2_ws/build/my_cpp_pkg
[5.266s] -- Install configuration: ""
[5.266s] -- Installing: /home/kasynx/Space-concordia-robotics/ros2_ws/install/my_cpp_pkg/lib/my_cpp_pkg/robot_news_station
[5.266s] -- Set runtime path of "/home/kasynx/Space-concordia-robotics/ros2_ws/install/my_cpp_pkg/lib/my_cpp_pkg/robot_news_station" to ""
[5.266s] -- Up-to-date: /home/kasynx/Space-concordia-robotics/ros2_ws/install/my_cpp_pkg/share/ament_index/resource_index/package_run_dependencies/my_cpp_pkg
[5.266s] -- Installing: /home/kasynx/Space-concordia-robotics/ros2_ws/install/my_cpp_pkg/share/ament_index/resource_index/parent_prefix_path/my_cpp_pkg
[5.266s] -- Up-to-date: /home/kasynx/Space-concordia-robotics/ros2_ws/install/my_cpp_pkg/share/my_cpp_pkg/environment/ament_prefix_path.sh
[5.267s] -- Installing: /home/kasynx/Space-concordia-robotics/ros2_ws/install/my_cpp_pkg/share/my_cpp_pkg/environment/ament_prefix_path.dsv
[5.267s] -- Up-to-date: /home/kasynx/Space-concordia-robotics/ros2_ws/install/my_cpp_pkg/share/my_cpp_pkg/environment/path.sh
[5.267s] -- Installing: /home/kasynx/Space-concordia-robotics/ros2_ws/install/my_cpp_pkg/share/my_cpp_pkg/environment/path.dsv
[5.267s] -- Up-to-date: /home/kasynx/Space-concordia-robotics/ros2_ws/install/my_cpp_pkg/share/my_cpp_pkg/local_setup.bash
[5.267s] -- Up-to-date: /home/kasynx/Space-concordia-robotics/ros2_ws/install/my_cpp_pkg/share/my_cpp_pkg/local_setup.sh
[5.267s] -- Up-to-date: /home/kasynx/Space-concordia-robotics/ros2_ws/install/my_cpp_pkg/share/my_cpp_pkg/local_setup.zsh
[5.267s] -- Installing: /home/kasynx/Space-concordia-robotics/ros2_ws/install/my_cpp_pkg/share/my_cpp_pkg/local_setup.dsv
[5.267s] -- Installing: /home/kasynx/Space-concordia-robotics/ros2_ws/install/my_cpp_pkg/share/my_cpp_pkg/package.dsv
[5.267s] -- Up-to-date: /home/kasynx/Space-concordia-robotics/ros2_ws/install/my_cpp_pkg/share/ament_index/resource_index/packages/my_cpp_pkg
[5.267s] -- Up-to-date: /home/kasynx/Space-concordia-robotics/ros2_ws/install/my_cpp_pkg/share/my_cpp_pkg/cmake/my_cpp_pkgConfig.cmake
[5.267s] -- Up-to-date: /home/kasynx/Space-concordia-robotics/ros2_ws/install/my_cpp_pkg/share/my_cpp_pkg/cmake/my_cpp_pkgConfig-version.cmake
[5.267s] -- Up-to-date: /home/kasynx/Space-concordia-robotics/ros2_ws/install/my_cpp_pkg/share/my_cpp_pkg/package.xml
[5.275s] Invoked command in '/home/kasynx/Space-concordia-robotics/ros2_ws/build/my_cpp_pkg' returned '0': CMAKE_PREFIX_PATH=${CMAKE_PREFIX_PATH}:/home/kasynx/Space-concordia-robotics/ros2_ws/install/my_py_pkg:/opt/ros/humble /usr/bin/cmake --install /home/kasynx/Space-concordia-robotics/ros2_ws/build/my_cpp_pkg
